TN:
SF:controllers\authController.js
FN:3,(anonymous_0)
FN:26,(anonymous_1)
FN:51,(anonymous_2)
FN:59,(anonymous_3)
FN:74,(anonymous_4)
FN:89,(anonymous_5)
FNF:6
FNH:6
FNDA:8,(anonymous_0)
FNDA:4,(anonymous_1)
FNDA:3,(anonymous_2)
FNDA:6,(anonymous_3)
FNDA:8,(anonymous_4)
FNDA:10,(anonymous_5)
DA:1,1
DA:3,1
DA:4,8
DA:5,8
DA:8,8
DA:9,4
DA:12,4
DA:14,1
DA:19,3
DA:21,3
DA:26,1
DA:27,4
DA:28,4
DA:30,4
DA:31,4
DA:33,3
DA:34,1
DA:38,2
DA:39,1
DA:42,1
DA:46,1
DA:51,1
DA:52,3
DA:53,3
DA:54,0
DA:59,1
DA:60,6
DA:61,6
DA:63,6
DA:64,4
DA:67,2
DA:68,1
DA:70,1
DA:74,1
DA:75,8
DA:76,8
DA:78,8
DA:79,5
DA:82,3
DA:83,1
DA:85,2
DA:89,1
DA:90,10
DA:91,10
DA:93,10
DA:94,6
DA:97,4
DA:98,1
DA:100,3
LF:49
LH:48
BRDA:8,0,0,4
BRDA:8,0,1,4
BRDA:8,1,0,8
BRDA:8,1,1,5
BRDA:19,2,0,2
BRDA:19,2,1,1
BRDA:33,3,0,1
BRDA:33,3,1,2
BRDA:38,4,0,1
BRDA:38,4,1,1
BRDA:63,5,0,4
BRDA:63,5,1,2
BRDA:78,6,0,5
BRDA:78,6,1,3
BRDA:78,7,0,8
BRDA:78,7,1,4
BRDA:93,8,0,6
BRDA:93,8,1,4
BRDA:93,9,0,10
BRDA:93,9,1,6
BRDA:93,9,2,5
BRF:21
BRH:21
end_of_record
TN:
SF:controllers\bookController.js
FN:3,(anonymous_0)
FN:13,(anonymous_1)
FN:23,(anonymous_2)
FN:34,(anonymous_3)
FN:45,(anonymous_4)
FNF:5
FNH:5
FNDA:4,(anonymous_0)
FNDA:4,(anonymous_1)
FNDA:4,(anonymous_2)
FNDA:5,(anonymous_3)
FNDA:3,(anonymous_4)
DA:1,2
DA:3,2
DA:4,4
DA:5,4
DA:6,2
DA:8,2
DA:9,2
DA:13,2
DA:14,4
DA:15,4
DA:16,2
DA:18,2
DA:19,2
DA:23,2
DA:24,4
DA:25,4
DA:26,4
DA:27,2
DA:29,2
DA:30,2
DA:34,2
DA:35,5
DA:36,5
DA:37,5
DA:38,2
DA:40,3
DA:41,3
DA:45,2
DA:46,3
DA:47,3
DA:48,3
DA:49,2
DA:51,1
DA:52,1
DA:56,2
LF:35
LH:35
BRDA:30,0,0,2
BRDA:30,0,1,0
BRDA:41,1,0,3
BRDA:41,1,1,1
BRDA:47,2,0,2
BRDA:47,2,1,1
BRF:6
BRH:5
end_of_record
TN:
SF:controllers\categoryController.js
FN:3,(anonymous_0)
FNF:1
FNH:1
FNDA:3,(anonymous_0)
DA:1,1
DA:3,1
DA:4,3
DA:5,3
DA:6,2
DA:8,1
DA:12,1
LF:7
LH:7
BRF:0
BRH:0
end_of_record
TN:
SF:controllers\importController.js
FN:3,(anonymous_0)
FN:12,(anonymous_1)
FN:21,(anonymous_2)
FN:31,(anonymous_3)
FN:45,(anonymous_4)
FN:60,(anonymous_5)
FNF:6
FNH:6
FNDA:2,(anonymous_0)
FNDA:2,(anonymous_1)
FNDA:3,(anonymous_2)
FNDA:3,(anonymous_3)
FNDA:5,(anonymous_4)
FNDA:3,(anonymous_5)
DA:1,1
DA:3,1
DA:4,2
DA:5,2
DA:6,1
DA:8,1
DA:12,1
DA:13,2
DA:14,2
DA:15,1
DA:17,1
DA:21,1
DA:22,3
DA:23,3
DA:24,3
DA:25,1
DA:27,2
DA:31,1
DA:32,3
DA:33,3
DA:34,3
DA:35,1
DA:37,2
DA:38,1
DA:41,1
DA:45,1
DA:46,5
DA:47,5
DA:49,5
DA:50,3
DA:53,2
DA:54,1
DA:56,1
DA:60,1
DA:61,3
DA:62,3
DA:64,3
DA:65,1
DA:68,2
DA:69,1
DA:71,1
DA:75,1
LF:42
LH:42
BRDA:27,0,0,2
BRDA:27,0,1,1
BRDA:37,1,0,1
BRDA:37,1,1,1
BRDA:49,2,0,3
BRDA:49,2,1,2
BRDA:49,3,0,5
BRDA:49,3,1,3
BRDA:64,4,0,1
BRDA:64,4,1,2
BRF:10
BRH:10
end_of_record
TN:
SF:controllers\invoiceController.js
FN:3,(anonymous_0)
FN:18,(anonymous_1)
FN:31,(anonymous_2)
FN:43,(anonymous_3)
FN:57,(anonymous_4)
FN:70,(anonymous_5)
FN:84,(anonymous_6)
FN:98,(anonymous_7)
FNF:8
FNH:8
FNDA:2,(anonymous_0)
FNDA:3,(anonymous_1)
FNDA:3,(anonymous_2)
FNDA:3,(anonymous_3)
FNDA:4,(anonymous_4)
FNDA:4,(anonymous_5)
FNDA:4,(anonymous_6)
FNDA:3,(anonymous_7)
DA:1,1
DA:3,1
DA:4,2
DA:5,2
DA:7,2
DA:8,2
DA:10,0
DA:12,1
DA:14,1
DA:18,1
DA:19,3
DA:20,3
DA:21,3
DA:22,1
DA:24,2
DA:25,1
DA:27,1
DA:31,1
DA:32,3
DA:33,3
DA:34,2
DA:35,1
DA:37,1
DA:39,1
DA:43,1
DA:44,3
DA:45,3
DA:46,3
DA:47,2
DA:48,1
DA:50,1
DA:53,1
DA:57,1
DA:58,4
DA:59,4
DA:60,4
DA:61,2
DA:63,2
DA:64,1
DA:66,1
DA:70,1
DA:71,4
DA:72,4
DA:73,4
DA:74,4
DA:75,2
DA:77,2
DA:78,1
DA:80,1
DA:84,1
DA:85,4
DA:86,4
DA:87,4
DA:88,4
DA:89,2
DA:91,2
DA:92,1
DA:94,1
DA:98,1
DA:99,3
DA:100,3
DA:102,2
DA:103,1
DA:105,1
DA:110,1
LF:65
LH:64
BRDA:7,0,0,2
BRDA:7,0,1,0
BRDA:24,1,0,1
BRDA:24,1,1,1
BRDA:34,2,0,1
BRDA:34,2,1,1
BRDA:47,3,0,1
BRDA:47,3,1,1
BRDA:59,4,0,4
BRDA:59,4,1,2
BRDA:63,5,0,1
BRDA:63,5,1,1
BRDA:72,6,0,4
BRDA:72,6,1,2
BRDA:73,7,0,4
BRDA:73,7,1,2
BRDA:77,8,0,1
BRDA:77,8,1,1
BRDA:86,9,0,4
BRDA:86,9,1,2
BRDA:87,10,0,4
BRDA:87,10,1,2
BRDA:91,11,0,1
BRDA:91,11,1,1
BRDA:102,12,0,1
BRDA:102,12,1,1
BRF:26
BRH:25
end_of_record
TN:
SF:controllers\promotionController.js
FN:3,(anonymous_0)
FN:12,(anonymous_1)
FN:26,(anonymous_2)
FN:39,(anonymous_3)
FN:52,(anonymous_4)
FNF:5
FNH:5
FNDA:2,(anonymous_0)
FNDA:3,(anonymous_1)
FNDA:3,(anonymous_2)
FNDA:3,(anonymous_3)
FNDA:3,(anonymous_4)
DA:1,1
DA:3,1
DA:4,2
DA:5,2
DA:6,1
DA:8,1
DA:12,1
DA:13,3
DA:14,3
DA:15,1
DA:19,2
DA:20,1
DA:22,1
DA:26,1
DA:27,3
DA:28,3
DA:29,3
DA:30,1
DA:32,2
DA:33,1
DA:35,1
DA:39,1
DA:40,3
DA:41,3
DA:42,3
DA:43,1
DA:45,2
DA:46,1
DA:48,1
DA:52,1
DA:53,3
DA:54,3
DA:55,3
DA:56,1
DA:58,2
DA:59,1
DA:64,1
DA:71,1
LF:38
LH:38
BRDA:19,0,0,1
BRDA:19,0,1,1
BRDA:32,1,0,1
BRDA:32,1,1,1
BRDA:45,2,0,1
BRDA:45,2,1,1
BRDA:58,3,0,1
BRDA:58,3,1,1
BRF:8
BRH:8
end_of_record
TN:
SF:controllers\publisherController.js
FN:3,(anonymous_0)
FNF:1
FNH:1
FNDA:4,(anonymous_0)
DA:1,1
DA:3,1
DA:4,4
DA:5,4
DA:6,2
DA:8,2
DA:11,1
LF:7
LH:7
BRF:0
BRH:0
end_of_record
TN:
SF:controllers\ruleController.js
FN:2,(anonymous_0)
FN:13,(anonymous_1)
FNF:2
FNH:2
FNDA:4,(anonymous_0)
FNDA:5,(anonymous_1)
DA:1,1
DA:2,1
DA:3,4
DA:4,4
DA:5,1
DA:7,3
DA:8,3
DA:9,3
DA:13,1
DA:14,5
DA:15,5
DA:16,2
DA:18,3
DA:19,3
DA:20,3
DA:24,1
LF:16
LH:16
BRDA:7,0,0,3
BRDA:7,0,1,2
BRDA:8,1,0,3
BRDA:8,1,1,1
BRDA:18,2,0,3
BRDA:18,2,1,2
BRDA:19,3,0,3
BRDA:19,3,1,1
BRF:8
BRH:8
end_of_record
TN:
SF:controllers\supplierController.js
FN:3,(anonymous_0)
FN:12,(anonymous_1)
FN:23,(anonymous_2)
FN:35,(anonymous_3)
FNF:4
FNH:4
FNDA:2,(anonymous_0)
FNDA:4,(anonymous_1)
FNDA:4,(anonymous_2)
FNDA:4,(anonymous_3)
DA:1,1
DA:3,1
DA:4,2
DA:5,2
DA:6,1
DA:8,1
DA:12,1
DA:13,4
DA:14,4
DA:15,1
DA:17,3
DA:18,3
DA:19,3
DA:23,1
DA:24,4
DA:25,4
DA:26,4
DA:27,1
DA:29,3
DA:30,3
DA:31,3
DA:35,1
DA:36,4
DA:37,4
DA:38,4
DA:39,1
DA:41,3
DA:42,3
DA:43,3
DA:47,1
LF:30
LH:30
BRDA:17,0,0,3
BRDA:17,0,1,2
BRDA:18,1,0,3
BRDA:18,1,1,0
BRDA:29,2,0,3
BRDA:29,2,1,2
BRDA:30,3,0,3
BRDA:30,3,1,0
BRDA:41,4,0,3
BRDA:41,4,1,2
BRDA:42,5,0,3
BRDA:42,5,1,0
BRF:12
BRH:9
end_of_record
TN:
SF:controllers\userController.js
FN:3,(anonymous_0)
FN:12,(anonymous_1)
FN:24,(anonymous_2)
FN:35,(anonymous_3)
FN:47,(anonymous_4)
FN:59,(anonymous_5)
FN:72,(anonymous_6)
FNF:7
FNH:7
FNDA:2,(anonymous_0)
FNDA:5,(anonymous_1)
FNDA:4,(anonymous_2)
FNDA:3,(anonymous_3)
FNDA:4,(anonymous_4)
FNDA:4,(anonymous_5)
FNDA:5,(anonymous_6)
DA:1,1
DA:3,1
DA:4,2
DA:5,2
DA:6,1
DA:8,1
DA:12,1
DA:13,5
DA:14,5
DA:15,5
DA:16,1
DA:18,4
DA:19,4
DA:20,4
DA:24,1
DA:25,4
DA:26,4
DA:27,1
DA:29,3
DA:30,3
DA:31,3
DA:35,1
DA:36,3
DA:37,3
DA:38,3
DA:39,1
DA:41,2
DA:42,2
DA:43,2
DA:47,1
DA:48,4
DA:49,4
DA:50,4
DA:51,1
DA:53,3
DA:54,3
DA:55,3
DA:59,1
DA:60,4
DA:61,4
DA:62,4
DA:63,4
DA:64,1
DA:66,3
DA:67,3
DA:68,3
DA:72,1
DA:73,5
DA:74,5
DA:75,5
DA:77,5
DA:78,1
DA:80,4
DA:81,4
DA:82,4
LF:55
LH:55
BRDA:18,0,0,4
BRDA:18,0,1,2
BRDA:19,1,0,4
BRDA:19,1,1,1
BRDA:29,2,0,3
BRDA:29,2,1,1
BRDA:30,3,0,3
BRDA:30,3,1,1
BRDA:41,4,0,2
BRDA:41,4,1,1
BRDA:53,5,0,3
BRDA:53,5,1,1
BRDA:54,6,0,3
BRDA:54,6,1,1
BRDA:66,7,0,3
BRDA:66,7,1,1
BRDA:67,8,0,3
BRDA:67,8,1,1
BRDA:80,9,0,4
BRDA:80,9,1,2
BRDA:81,10,0,4
BRDA:81,10,1,1
BRF:22
BRH:22
end_of_record
TN:
SF:models\bookModel.js
FN:3,(anonymous_0)
FN:15,(anonymous_1)
FN:28,(anonymous_2)
FN:37,(anonymous_3)
FN:49,(anonymous_4)
FN:57,(anonymous_5)
FNF:6
FNH:6
FNDA:2,(anonymous_0)
FNDA:4,(anonymous_1)
FNDA:1,(anonymous_2)
FNDA:2,(anonymous_3)
FNDA:2,(anonymous_4)
FNDA:2,(anonymous_5)
DA:1,4
DA:3,4
DA:4,2
DA:12,1
DA:15,4
DA:16,4
DA:25,4
DA:28,4
DA:29,1
DA:30,1
DA:34,1
DA:37,4
DA:38,2
DA:39,2
DA:43,2
DA:44,1
DA:46,1
DA:49,4
DA:50,2
DA:51,2
DA:52,1
DA:54,1
DA:57,4
DA:58,2
DA:70,2
DA:73,4
LF:26
LH:26
BRDA:43,0,0,1
BRDA:43,0,1,1
BRDA:51,1,0,1
BRDA:51,1,1,1
BRDA:57,2,0,1
BRF:5
BRH:5
end_of_record
TN:
SF:models\categoryModel.js
FN:3,(anonymous_0)
FNF:1
FNH:1
FNDA:4,(anonymous_0)
DA:1,3
DA:3,3
DA:4,4
DA:5,2
DA:8,3
LF:5
LH:5
BRF:0
BRH:0
end_of_record
TN:
SF:models\importModel.js
FN:3,(anonymous_0)
FN:26,(anonymous_1)
FN:56,(anonymous_2)
FN:78,(anonymous_3)
FN:111,(anonymous_4)
FN:134,(anonymous_5)
FN:155,(anonymous_6)
FN:177,(anonymous_7)
FNF:8
FNH:8
FNDA:2,(anonymous_0)
FNDA:3,(anonymous_1)
FNDA:2,(anonymous_2)
FNDA:1,(anonymous_3)
FNDA:1,(anonymous_4)
FNDA:61,(anonymous_5)
FNDA:2,(anonymous_6)
FNDA:2,(anonymous_7)
DA:1,3
DA:3,3
DA:4,2
DA:13,1
DA:14,1
DA:20,1
DA:23,1
DA:26,3
DA:27,3
DA:28,3
DA:29,3
DA:31,2
DA:32,2
DA:36,1
DA:37,1
DA:38,2
DA:43,2
DA:49,1
DA:51,1
DA:52,1
DA:56,3
DA:57,2
DA:58,2
DA:59,2
DA:60,2
DA:66,2
DA:67,2
DA:69,2
DA:70,1
DA:72,1
DA:74,1
DA:78,3
DA:79,1
DA:94,1
DA:95,1
DA:105,1
DA:108,1
DA:111,3
DA:112,1
DA:129,1
DA:131,1
DA:132,1
DA:134,61
DA:135,31
DA:136,2
DA:143,29
DA:152,1
DA:155,3
DA:156,2
DA:173,2
DA:174,1
DA:177,2
DA:184,1
DA:187,3
LF:54
LH:54
BRDA:29,0,0,1
BRDA:29,0,1,2
BRDA:69,1,0,1
BRDA:69,1,1,1
BRDA:135,2,0,2
BRDA:135,2,1,29
BRDA:138,3,0,2
BRDA:138,3,1,0
BRDA:139,4,0,2
BRDA:139,4,1,0
BRDA:140,5,0,2
BRDA:140,5,1,0
BRDA:173,6,0,1
BRDA:173,6,1,1
BRF:14
BRH:11
end_of_record
TN:
SF:models\invoiceModel.js
FN:3,(anonymous_0)
FN:14,(anonymous_1)
FN:26,(anonymous_2)
FN:85,(anonymous_3)
FN:105,(anonymous_4)
FN:127,(anonymous_5)
FN:143,(anonymous_6)
FN:158,(anonymous_7)
FNF:8
FNH:7
FNDA:2,(anonymous_0)
FNDA:0,(anonymous_1)
FNDA:4,(anonymous_2)
FNDA:2,(anonymous_3)
FNDA:4,(anonymous_4)
FNDA:5,(anonymous_5)
FNDA:1,(anonymous_6)
FNDA:1,(anonymous_7)
DA:1,3
DA:3,3
DA:4,2
DA:11,1
DA:14,3
DA:15,0
DA:23,0
DA:26,3
DA:27,4
DA:28,3
DA:29,4
DA:33,4
DA:34,4
DA:35,2
DA:43,2
DA:57,2
DA:59,2
DA:60,1
DA:61,2
DA:67,2
DA:74,2
DA:75,1
DA:81,2
DA:85,3
DA:86,2
DA:93,2
DA:94,1
DA:95,1
DA:101,1
DA:102,1
DA:105,3
DA:107,4
DA:108,4
DA:109,2
DA:110,2
DA:111,2
DA:112,2
DA:114,2
DA:115,0
DA:116,0
DA:117,0
DA:121,2
DA:122,2
DA:123,2
DA:127,3
DA:128,5
DA:136,5
DA:143,3
DA:144,1
DA:155,1
DA:158,3
DA:159,1
DA:169,1
DA:171,3
LF:54
LH:49
BRDA:27,0,0,3
BRDA:27,0,1,1
BRDA:33,1,0,4
BRDA:33,1,1,1
BRDA:34,2,0,2
BRDA:34,2,1,2
BRDA:52,3,0,2
BRDA:52,3,1,1
BRDA:54,4,0,2
BRDA:54,4,1,2
BRDA:59,5,0,1
BRDA:59,5,1,1
BRDA:74,6,0,1
BRDA:74,6,1,1
BRDA:93,7,0,1
BRDA:93,7,1,1
BRDA:108,8,0,2
BRDA:108,8,1,2
BRDA:114,9,0,0
BRDA:114,9,1,2
BRDA:137,10,0,5
BRDA:137,10,1,3
BRDA:138,11,0,5
BRDA:138,11,1,3
BRF:24
BRH:23
end_of_record
TN:
SF:models\promotionModel.js
FN:4,(anonymous_0)
FN:20,(anonymous_1)
FN:26,(anonymous_2)
FN:45,(anonymous_3)
FN:66,(anonymous_4)
FNF:5
FNH:5
FNDA:3,(anonymous_0)
FNDA:2,(anonymous_1)
FNDA:3,(anonymous_2)
FNDA:2,(anonymous_3)
FNDA:2,(anonymous_4)
DA:1,3
DA:4,3
DA:5,3
DA:9,3
DA:10,3
DA:11,1
DA:12,1
DA:13,1
DA:16,3
DA:20,3
DA:21,2
DA:22,1
DA:26,3
DA:27,3
DA:30,3
DA:32,3
DA:38,3
DA:45,3
DA:46,2
DA:49,2
DA:54,2
DA:56,2
DA:62,2
DA:66,3
DA:68,2
DA:73,2
DA:74,1
DA:77,1
DA:80,1
DA:86,1
DA:91,1
DA:94,3
LF:32
LH:32
BRDA:10,0,0,1
BRDA:10,0,1,2
BRDA:27,1,0,2
BRDA:27,1,1,1
BRDA:27,2,0,3
BRDA:27,2,1,2
BRDA:46,3,0,0
BRDA:46,3,1,2
BRDA:46,4,0,2
BRDA:46,4,1,2
BRDA:54,5,0,1
BRDA:54,5,1,1
BRDA:73,6,0,1
BRDA:73,6,1,1
BRF:14
BRH:13
end_of_record
TN:
SF:models\publisherModel.js
FN:3,(anonymous_0)
FN:10,(anonymous_1)
FNF:2
FNH:2
FNDA:3,(anonymous_0)
FNDA:5,(anonymous_1)
DA:1,3
DA:3,3
DA:4,3
DA:7,2
DA:10,3
DA:11,5
DA:12,5
DA:19,4
DA:22,3
LF:9
LH:9
BRF:0
BRH:0
end_of_record
TN:
SF:models\ruleModel.js
FN:3,(anonymous_0)
FN:8,(anonymous_1)
FNF:2
FNH:2
FNDA:3,(anonymous_0)
FNDA:4,(anonymous_1)
DA:1,3
DA:3,3
DA:4,3
DA:5,2
DA:8,3
DA:9,4
DA:10,4
DA:18,3
DA:21,3
LF:9
LH:9
BRF:0
BRH:0
end_of_record
TN:
SF:models\supplierModel.js
FN:3,(anonymous_0)
FN:8,(anonymous_1)
FN:13,(anonymous_2)
FN:22,(anonymous_3)
FN:34,(anonymous_4)
FNF:5
FNH:5
FNDA:2,(anonymous_0)
FNDA:4,(anonymous_1)
FNDA:2,(anonymous_2)
FNDA:2,(anonymous_3)
FNDA:2,(anonymous_4)
DA:1,3
DA:3,3
DA:4,2
DA:5,1
DA:8,3
DA:9,4
DA:10,4
DA:13,3
DA:14,2
DA:15,2
DA:19,1
DA:22,3
DA:23,2
DA:24,2
DA:28,2
DA:29,1
DA:31,1
DA:34,3
DA:35,2
DA:36,2
DA:37,1
DA:39,1
DA:42,3
LF:23
LH:23
BRDA:28,0,0,1
BRDA:28,0,1,1
BRDA:36,1,0,1
BRDA:36,1,1,1
BRF:4
BRH:4
end_of_record
TN:
SF:models\userModel.js
FN:3,(anonymous_0)
FN:10,(anonymous_1)
FN:21,(anonymous_2)
FN:38,(anonymous_3)
FN:55,(anonymous_4)
FNF:5
FNH:5
FNDA:4,(anonymous_0)
FNDA:5,(anonymous_1)
FNDA:4,(anonymous_2)
FNDA:3,(anonymous_3)
FNDA:6,(anonymous_4)
DA:1,7
DA:3,7
DA:4,4
DA:7,2
DA:10,7
DA:11,5
DA:12,5
DA:18,2
DA:21,7
DA:22,4
DA:23,4
DA:28,2
DA:29,1
DA:32,1
DA:34,2
DA:38,7
DA:39,3
DA:40,3
DA:45,2
DA:46,1
DA:49,1
DA:51,1
DA:55,7
DA:56,6
DA:57,6
DA:62,5
DA:64,1
DA:68,7
LF:28
LH:28
BRDA:28,0,0,1
BRDA:28,0,1,1
BRDA:45,1,0,1
BRDA:45,1,1,1
BRF:4
BRH:4
end_of_record
TN:
SF:services\authService.js
FN:18,(anonymous_0)
FN:66,(anonymous_1)
FN:79,(anonymous_2)
FN:94,(anonymous_3)
FN:110,(anonymous_4)
FN:173,(anonymous_5)
FN:218,(anonymous_6)
FN:258,(anonymous_7)
FNF:8
FNH:8
FNDA:19,(anonymous_0)
FNDA:6,(anonymous_1)
FNDA:12,(anonymous_2)
FNDA:3,(anonymous_3)
FNDA:22,(anonymous_4)
FNDA:10,(anonymous_5)
FNDA:10,(anonymous_6)
FNDA:54,(anonymous_7)
DA:1,3
DA:2,3
DA:3,3
DA:4,3
DA:5,3
DA:6,3
DA:7,3
DA:10,3
DA:18,19
DA:19,6
DA:22,13
DA:24,11
DA:25,1
DA:27,10
DA:30,10
DA:31,1
DA:35,9
DA:36,2
DA:39,7
DA:40,7
DA:42,4
DA:46,5
DA:47,2
DA:50,3
DA:66,3
DA:67,6
DA:79,3
DA:80,12
DA:81,3
DA:84,9
DA:85,9
DA:87,8
DA:94,3
DA:96,3
DA:110,3
DA:111,22
DA:113,22
DA:114,21
DA:115,1
DA:119,20
DA:122,20
DA:128,20
DA:131,20
DA:132,3
DA:134,3
DA:152,3
DA:155,17
DA:158,19
DA:163,3
DA:173,3
DA:174,10
DA:175,10
DA:177,10
DA:178,2
DA:181,8
DA:182,1
DA:183,1
DA:186,7
DA:187,0
DA:191,7
DA:194,7
DA:200,7
DA:202,7
DA:207,3
DA:218,3
DA:219,10
DA:220,10
DA:222,10
DA:223,5
DA:226,5
DA:227,1
DA:228,1
DA:232,4
DA:233,4
DA:234,0
DA:238,4
DA:239,4
DA:242,3
DA:245,2
DA:247,2
DA:251,8
DA:258,3
DA:259,54
DA:262,3
LF:84
LH:82
BRDA:18,0,0,6
BRDA:18,0,1,13
BRDA:18,1,0,19
BRDA:18,1,1,15
BRDA:24,2,0,1
BRDA:24,2,1,10
BRDA:30,3,0,1
BRDA:30,3,1,9
BRDA:35,4,0,2
BRDA:35,4,1,7
BRDA:46,5,0,2
BRDA:46,5,1,3
BRDA:80,6,0,3
BRDA:80,6,1,9
BRDA:99,7,0,3
BRDA:99,7,1,1
BRDA:100,8,0,3
BRDA:100,8,1,1
BRDA:114,9,0,1
BRDA:114,9,1,20
BRDA:131,10,0,3
BRDA:131,10,1,17
BRDA:135,11,0,3
BRDA:135,11,1,1
BRDA:177,12,0,2
BRDA:177,12,1,8
BRDA:181,13,0,1
BRDA:181,13,1,7
BRDA:186,14,0,0
BRDA:186,14,1,7
BRDA:222,15,0,5
BRDA:222,15,1,5
BRDA:222,16,0,10
BRDA:222,16,1,5
BRDA:226,17,0,1
BRDA:226,17,1,4
BRDA:233,18,0,0
BRDA:233,18,1,4
BRF:38
BRH:36
end_of_record
TN:
SF:services\bookService.js
FN:3,(anonymous_0)
FN:7,(anonymous_1)
FN:11,(anonymous_2)
FN:15,(anonymous_3)
FN:19,(anonymous_4)
FN:23,(anonymous_5)
FNF:6
FNH:6
FNDA:2,(anonymous_0)
FNDA:2,(anonymous_1)
FNDA:2,(anonymous_2)
FNDA:2,(anonymous_3)
FNDA:2,(anonymous_4)
FNDA:2,(anonymous_5)
DA:1,3
DA:3,3
DA:4,2
DA:7,3
DA:8,2
DA:11,3
DA:12,2
DA:15,3
DA:16,2
DA:19,3
DA:20,2
DA:23,3
DA:24,2
DA:27,3
LF:14
LH:14
BRDA:23,0,0,1
BRF:1
BRH:1
end_of_record
TN:
SF:services\categoryService.js
FN:3,(anonymous_0)
FNF:1
FNH:1
FNDA:3,(anonymous_0)
DA:1,2
DA:3,2
DA:4,3
DA:7,2
LF:4
LH:4
BRF:0
BRH:0
end_of_record
TN:
SF:services\importService.js
FN:3,(anonymous_0)
FN:8,(anonymous_1)
FN:12,(anonymous_2)
FN:16,(anonymous_3)
FN:24,(anonymous_4)
FN:28,(anonymous_5)
FNF:6
FNH:6
FNDA:2,(anonymous_0)
FNDA:2,(anonymous_1)
FNDA:2,(anonymous_2)
FNDA:5,(anonymous_3)
FNDA:2,(anonymous_4)
FNDA:2,(anonymous_5)
DA:1,2
DA:3,2
DA:5,2
DA:8,2
DA:9,2
DA:12,2
DA:13,2
DA:16,2
DA:17,5
DA:18,3
DA:21,2
DA:24,2
DA:25,2
DA:28,2
DA:29,2
DA:32,2
LF:16
LH:16
BRDA:17,0,0,3
BRDA:17,0,1,2
BRF:2
BRH:2
end_of_record
TN:
SF:services\invoiceService.js
FN:6,(anonymous_0)
FN:10,(anonymous_1)
FN:17,(anonymous_2)
FN:22,(anonymous_3)
FN:27,(anonymous_4)
FN:32,(anonymous_5)
FN:51,(anonymous_6)
FN:63,(anonymous_7)
FN:74,(anonymous_8)
FN:82,(anonymous_9)
FN:135,(anonymous_10)
FN:144,(anonymous_11)
FN:159,(anonymous_12)
FN:161,(anonymous_13)
FNF:14
FNH:13
FNDA:1,(anonymous_0)
FNDA:0,(anonymous_1)
FNDA:1,(anonymous_2)
FNDA:1,(anonymous_3)
FNDA:1,(anonymous_4)
FNDA:5,(anonymous_5)
FNDA:7,(anonymous_6)
FNDA:61,(anonymous_7)
FNDA:3,(anonymous_8)
FNDA:11,(anonymous_9)
FNDA:35,(anonymous_10)
FNDA:35,(anonymous_11)
FNDA:6,(anonymous_12)
FNDA:30,(anonymous_13)
DA:1,2
DA:2,2
DA:3,2
DA:6,2
DA:7,1
DA:10,2
DA:11,0
DA:12,0
DA:14,0
DA:17,2
DA:18,1
DA:22,2
DA:23,1
DA:27,2
DA:28,1
DA:32,2
DA:33,5
DA:34,3
DA:38,2
DA:39,2
DA:40,24
DA:41,24
DA:47,2
DA:51,2
DA:52,7
DA:53,4
DA:56,3
DA:58,3
DA:61,3
DA:62,3
DA:63,88
DA:64,88
DA:71,3
DA:74,2
DA:75,3
DA:76,2
DA:78,1
DA:82,2
DA:83,11
DA:84,10
DA:85,1
DA:87,9
DA:89,9
DA:90,9
DA:94,7
DA:96,2
DA:99,7
DA:100,7
DA:101,7
DA:103,7
DA:104,7
DA:106,7
DA:107,7
DA:108,7
DA:110,7
DA:111,7
DA:113,7
DA:114,7
DA:116,7
DA:118,7
DA:119,7
DA:121,7
DA:122,7
DA:123,7
DA:124,7
DA:131,7
DA:134,7
DA:135,35
DA:136,7
DA:137,7
DA:138,7
DA:139,7
DA:140,7
DA:143,7
DA:144,35
DA:148,7
DA:149,28
DA:155,7
DA:156,7
DA:159,7
DA:161,30
DA:164,6
DA:165,6
DA:166,6
DA:167,6
DA:168,6
DA:171,6
DA:172,24
DA:177,6
DA:180,7
DA:181,7
DA:182,7
DA:183,7
DA:184,7
DA:185,7
DA:187,7
DA:188,7
DA:190,7
DA:191,7
DA:192,7
DA:194,7
DA:195,7
DA:196,7
DA:197,7
DA:199,7
DA:200,7
DA:203,2
LF:107
LH:104
BRDA:11,0,0,0
BRDA:11,0,1,0
BRDA:33,1,0,3
BRDA:33,1,1,2
BRDA:43,2,0,24
BRDA:43,2,1,12
BRDA:44,3,0,24
BRDA:44,3,1,12
BRDA:52,4,0,4
BRDA:52,4,1,3
BRDA:52,5,0,7
BRDA:52,5,1,5
BRDA:66,6,0,2
BRDA:66,6,1,86
BRDA:66,7,0,2
BRDA:66,7,1,0
BRDA:67,8,0,2
BRDA:67,8,1,86
BRDA:67,9,0,2
BRDA:67,9,1,0
BRDA:75,10,0,2
BRDA:75,10,1,1
BRDA:75,11,0,3
BRDA:75,11,1,2
BRDA:84,12,0,1
BRDA:84,12,1,9
BRDA:100,13,0,7
BRDA:100,13,1,1
BRDA:110,14,0,7
BRDA:110,14,1,1
BRDA:111,15,0,7
BRDA:111,15,1,5
BRDA:113,16,0,2
BRDA:113,16,1,5
BRDA:155,17,0,4
BRDA:155,17,1,3
BRDA:165,18,0,6
BRDA:165,18,1,2
BRDA:165,18,2,1
BRDA:166,19,0,6
BRDA:166,19,1,1
BRDA:167,20,0,6
BRDA:167,20,1,1
BRDA:168,21,0,6
BRDA:168,21,1,1
BRDA:168,22,0,6
BRDA:168,22,1,1
BRDA:188,23,0,7
BRDA:188,23,1,5
BRDA:192,24,0,7
BRDA:192,24,1,5
BRDA:197,25,0,7
BRDA:197,25,1,5
BRF:53
BRH:49
end_of_record
TN:
SF:services\promotionService.js
FN:4,(anonymous_0)
FN:8,(anonymous_1)
FN:26,(anonymous_2)
FN:53,(anonymous_3)
FN:63,(anonymous_4)
FNF:5
FNH:5
FNDA:1,(anonymous_0)
FNDA:3,(anonymous_1)
FNDA:4,(anonymous_2)
FNDA:2,(anonymous_3)
FNDA:10,(anonymous_4)
DA:1,2
DA:2,2
DA:4,2
DA:5,1
DA:8,2
DA:9,3
DA:11,3
DA:12,2
DA:15,1
DA:26,2
DA:27,4
DA:29,4
DA:30,1
DA:33,3
DA:45,3
DA:46,1
DA:49,2
DA:53,2
DA:54,2
DA:56,2
DA:57,1
DA:60,1
DA:63,2
DA:64,10
DA:65,2
DA:72,8
DA:77,8
DA:78,1
DA:85,7
DA:86,7
DA:87,7
DA:88,7
DA:90,7
DA:91,1
DA:98,6
DA:99,1
DA:107,5
DA:108,1
DA:115,4
DA:116,1
DA:122,3
DA:123,3
DA:124,2
DA:126,1
DA:129,3
DA:144,2
LF:46
LH:46
BRDA:11,0,0,2
BRDA:11,0,1,1
BRDA:11,1,0,3
BRDA:11,1,1,2
BRDA:11,1,2,2
BRDA:11,1,3,1
BRDA:11,1,4,1
BRDA:11,1,5,1
BRDA:29,2,0,1
BRDA:29,2,1,3
BRDA:29,3,0,4
BRDA:29,3,1,4
BRDA:29,3,2,3
BRDA:29,3,3,3
BRDA:29,3,4,3
BRDA:29,3,5,3
BRDA:42,4,0,3
BRDA:42,4,1,2
BRDA:45,5,0,1
BRDA:45,5,1,2
BRDA:56,6,0,1
BRDA:56,6,1,1
BRDA:64,7,0,2
BRDA:64,7,1,8
BRDA:64,8,0,10
BRDA:64,8,1,9
BRDA:77,9,0,1
BRDA:77,9,1,7
BRDA:90,10,0,1
BRDA:90,10,1,6
BRDA:98,11,0,1
BRDA:98,11,1,5
BRDA:107,12,0,1
BRDA:107,12,1,4
BRDA:107,13,0,5
BRDA:107,13,1,3
BRDA:115,14,0,1
BRDA:115,14,1,3
BRDA:123,15,0,2
BRDA:123,15,1,1
BRF:40
BRH:40
end_of_record
TN:
SF:services\publisherService.js
FN:3,(anonymous_0)
FN:7,(anonymous_1)
FNF:2
FNH:2
FNDA:3,(anonymous_0)
FNDA:4,(anonymous_1)
DA:1,2
DA:3,2
DA:4,3
DA:7,2
DA:8,4
DA:11,2
LF:6
LH:6
BRF:0
BRH:0
end_of_record
TN:
SF:services\ruleService.js
FN:3,(anonymous_0)
FN:11,(anonymous_1)
FNF:2
FNH:2
FNDA:3,(anonymous_0)
FNDA:8,(anonymous_1)
DA:1,2
DA:3,2
DA:4,3
DA:5,3
DA:6,2
DA:8,1
DA:11,2
DA:12,8
DA:13,8
DA:19,4
DA:22,4
DA:29,3
DA:30,1
DA:33,2
DA:36,2
LF:15
LH:15
BRDA:5,0,0,2
BRDA:5,0,1,1
BRDA:13,1,0,4
BRDA:13,1,1,4
BRDA:14,2,0,8
BRDA:14,2,1,7
BRDA:14,2,2,6
BRDA:14,2,3,5
BRDA:29,3,0,1
BRDA:29,3,1,2
BRF:10
BRH:10
end_of_record
TN:
SF:services\supplierService.js
FN:7,(anonymous_0)
FN:16,(anonymous_1)
FN:24,(anonymous_2)
FN:34,(anonymous_3)
FN:49,(anonymous_4)
FNF:5
FNH:5
FNDA:1,(anonymous_0)
FNDA:2,(anonymous_1)
FNDA:5,(anonymous_2)
FNDA:6,(anonymous_3)
FNDA:3,(anonymous_4)
DA:1,2
DA:7,2
DA:8,1
DA:16,2
DA:17,2
DA:18,2
DA:19,1
DA:21,1
DA:24,2
DA:25,5
DA:27,5
DA:28,3
DA:31,2
DA:34,2
DA:35,6
DA:36,6
DA:37,3
DA:39,3
DA:40,3
DA:42,2
DA:43,1
DA:45,1
DA:49,2
DA:50,3
DA:51,3
DA:53,2
DA:54,1
DA:56,1
DA:60,2
LF:29
LH:29
BRDA:18,0,0,1
BRDA:18,0,1,1
BRDA:27,1,0,3
BRDA:27,1,1,2
BRDA:27,2,0,5
BRDA:27,2,1,4
BRDA:27,2,2,3
BRDA:36,3,0,3
BRDA:36,3,1,3
BRDA:36,4,0,6
BRDA:36,4,1,5
BRDA:36,4,2,4
BRDA:42,5,0,1
BRDA:42,5,1,1
BRDA:53,6,0,1
BRDA:53,6,1,1
BRF:16
BRH:16
end_of_record
TN:
SF:services\userService.js
FN:5,(anonymous_0)
FN:10,(anonymous_1)
FN:30,(anonymous_2)
FN:87,(anonymous_3)
FN:182,(anonymous_4)
FN:200,(anonymous_5)
FN:222,(anonymous_6)
FNF:7
FNH:7
FNDA:2,(anonymous_0)
FNDA:6,(anonymous_1)
FNDA:19,(anonymous_2)
FNDA:18,(anonymous_3)
FNDA:3,(anonymous_4)
FNDA:3,(anonymous_5)
FNDA:6,(anonymous_6)
DA:1,2
DA:2,2
DA:3,2
DA:5,2
DA:6,2
DA:7,1
DA:10,2
DA:11,6
DA:12,6
DA:13,2
DA:16,4
DA:30,2
DA:31,19
DA:32,19
DA:33,7
DA:36,12
DA:38,12
DA:39,12
DA:42,11
DA:43,8
DA:44,1
DA:45,1
DA:46,1
DA:49,11
DA:50,11
DA:52,11
DA:62,4
DA:67,4
DA:70,7
DA:72,6
DA:73,1
DA:74,5
DA:75,1
DA:76,4
DA:77,2
DA:80,2
DA:83,1
DA:87,2
DA:88,18
DA:91,18
DA:92,1
DA:97,17
DA:98,5
DA:99,10
DA:100,0
DA:101,2
DA:104,17
DA:105,6
DA:107,1
DA:110,16
DA:112,16
DA:113,16
DA:114,16
DA:115,1
DA:118,15
DA:119,14
DA:120,1
DA:123,13
DA:124,13
DA:125,1
DA:128,12
DA:129,12
DA:130,1
DA:133,5
DA:134,1
DA:137,11
DA:141,11
DA:142,1
DA:143,1
DA:144,1
DA:145,1
DA:147,10
DA:148,10
DA:149,11
DA:150,1
DA:154,4
DA:159,4
DA:161,7
DA:164,6
DA:166,5
DA:167,2
DA:168,3
DA:169,1
DA:170,2
DA:171,1
DA:174,1
DA:178,1
DA:182,2
DA:184,3
DA:185,3
DA:186,1
DA:190,2
DA:192,2
DA:193,1
DA:196,1
DA:200,2
DA:202,3
DA:205,3
DA:208,3
DA:210,3
DA:215,3
DA:216,1
DA:218,2
DA:222,2
DA:223,6
DA:224,2
DA:227,4
DA:232,4
DA:233,1
DA:236,3
DA:237,3
DA:238,3
DA:239,1
DA:242,2
DA:243,2
DA:245,2
DA:250,2
DA:251,1
DA:254,1
DA:257,2
LF:120
LH:119
BRDA:12,0,0,2
BRDA:12,0,1,4
BRDA:19,1,0,4
BRDA:19,1,1,1
BRDA:20,2,0,4
BRDA:20,2,1,1
BRDA:21,3,0,4
BRDA:21,3,1,1
BRDA:23,4,0,2
BRDA:23,4,1,2
BRDA:23,5,0,4
BRDA:23,5,1,3
BRDA:26,6,0,4
BRDA:26,6,1,1
BRDA:32,7,0,7
BRDA:32,7,1,12
BRDA:32,8,0,19
BRDA:32,8,1,18
BRDA:32,8,2,17
BRDA:32,8,3,16
BRDA:32,8,4,15
BRDA:32,8,5,14
BRDA:32,8,6,13
BRDA:42,9,0,8
BRDA:42,9,1,1
BRDA:42,9,2,1
BRDA:42,9,3,1
BRDA:70,10,0,6
BRDA:70,10,1,1
BRDA:72,11,0,1
BRDA:72,11,1,5
BRDA:72,12,0,6
BRDA:72,12,1,6
BRDA:74,13,0,1
BRDA:74,13,1,4
BRDA:74,14,0,5
BRDA:74,14,1,5
BRDA:76,15,0,2
BRDA:76,15,1,2
BRDA:76,16,0,4
BRDA:76,16,1,4
BRDA:91,17,0,1
BRDA:91,17,1,17
BRDA:91,18,0,18
BRDA:91,18,1,18
BRDA:91,18,2,17
BRDA:91,18,3,17
BRDA:91,18,4,17
BRDA:91,18,5,17
BRDA:91,18,6,17
BRDA:97,19,0,5
BRDA:97,19,1,10
BRDA:97,19,2,0
BRDA:97,19,3,2
BRDA:104,20,0,11
BRDA:104,20,1,6
BRDA:104,21,0,17
BRDA:104,21,1,17
BRDA:104,21,2,6
BRDA:105,22,0,5
BRDA:105,22,1,1
BRDA:105,23,0,6
BRDA:105,23,1,6
BRDA:105,23,2,1
BRDA:110,24,0,16
BRDA:110,24,1,0
BRDA:114,25,0,1
BRDA:114,25,1,15
BRDA:114,26,0,16
BRDA:114,26,1,16
BRDA:119,27,0,1
BRDA:119,27,1,13
BRDA:119,28,0,14
BRDA:119,28,1,14
BRDA:124,29,0,1
BRDA:124,29,1,12
BRDA:124,30,0,13
BRDA:124,30,1,13
BRDA:129,31,0,1
BRDA:129,31,1,11
BRDA:129,32,0,12
BRDA:129,32,1,12
BRDA:133,33,0,4
BRDA:133,33,1,1
BRDA:141,34,0,1
BRDA:141,34,1,10
BRDA:149,35,0,1
BRDA:149,35,1,4
BRDA:161,36,0,1
BRDA:161,36,1,6
BRDA:164,37,0,5
BRDA:164,37,1,1
BRDA:166,38,0,2
BRDA:166,38,1,3
BRDA:166,39,0,5
BRDA:166,39,1,5
BRDA:168,40,0,1
BRDA:168,40,1,2
BRDA:168,41,0,3
BRDA:168,41,1,3
BRDA:170,42,0,1
BRDA:170,42,1,1
BRDA:170,43,0,2
BRDA:170,43,1,2
BRDA:185,44,0,1
BRDA:185,44,1,2
BRDA:185,45,0,3
BRDA:185,45,1,3
BRDA:192,46,0,1
BRDA:192,46,1,1
BRDA:202,47,0,2
BRDA:202,47,1,1
BRDA:215,48,0,1
BRDA:215,48,1,2
BRDA:215,49,0,3
BRDA:215,49,1,3
BRDA:223,50,0,2
BRDA:223,50,1,4
BRDA:223,51,0,6
BRDA:223,51,1,5
BRDA:232,52,0,1
BRDA:232,52,1,3
BRDA:232,53,0,4
BRDA:232,53,1,4
BRDA:238,54,0,1
BRDA:238,54,1,2
BRDA:250,55,0,1
BRDA:250,55,1,1
BRF:128
BRH:126
end_of_record
