TN:
SF:controllers\authController.js
FN:3,(anonymous_0)
FN:26,(anonymous_1)
FN:51,(anonymous_2)
FNF:3
FNH:3
FNDA:8,(anonymous_0)
FNDA:4,(anonymous_1)
FNDA:1,(anonymous_2)
DA:1,1
DA:3,1
DA:4,8
DA:5,8
DA:8,8
DA:9,4
DA:12,4
DA:14,1
DA:19,3
DA:21,3
DA:26,1
DA:27,4
DA:28,4
DA:30,4
DA:31,4
DA:33,3
DA:34,1
DA:38,2
DA:39,1
DA:42,1
DA:46,1
DA:51,1
DA:52,1
DA:53,1
DA:54,0
LF:25
LH:24
BRDA:8,0,0,4
BRDA:8,0,1,4
BRDA:8,1,0,8
BRDA:8,1,1,5
BRDA:19,2,0,2
BRDA:19,2,1,1
BRDA:33,3,0,1
BRDA:33,3,1,2
BRDA:38,4,0,1
BRDA:38,4,1,1
BRF:10
BRH:10
end_of_record
TN:
SF:controllers\bookController.js
FN:3,(anonymous_0)
FN:13,(anonymous_1)
FN:23,(anonymous_2)
FN:34,(anonymous_3)
FN:45,(anonymous_4)
FNF:5
FNH:5
FNDA:4,(anonymous_0)
FNDA:4,(anonymous_1)
FNDA:4,(anonymous_2)
FNDA:5,(anonymous_3)
FNDA:3,(anonymous_4)
DA:1,2
DA:3,2
DA:4,4
DA:5,4
DA:6,2
DA:8,2
DA:9,2
DA:13,2
DA:14,4
DA:15,4
DA:16,2
DA:18,2
DA:19,2
DA:23,2
DA:24,4
DA:25,4
DA:26,4
DA:27,2
DA:29,2
DA:30,2
DA:34,2
DA:35,5
DA:36,5
DA:37,5
DA:38,2
DA:40,3
DA:41,3
DA:45,2
DA:46,3
DA:47,3
DA:48,3
DA:49,2
DA:51,1
DA:52,1
DA:56,2
LF:35
LH:35
BRDA:30,0,0,2
BRDA:30,0,1,0
BRDA:41,1,0,3
BRDA:41,1,1,1
BRDA:47,2,0,2
BRDA:47,2,1,1
BRF:6
BRH:5
end_of_record
TN:
SF:controllers\categoryController.js
FN:3,(anonymous_0)
FNF:1
FNH:1
FNDA:3,(anonymous_0)
DA:1,1
DA:3,1
DA:4,3
DA:5,3
DA:6,2
DA:8,1
DA:12,1
LF:7
LH:7
BRF:0
BRH:0
end_of_record
TN:
SF:controllers\importController.js
FN:3,(anonymous_0)
FN:12,(anonymous_1)
FN:21,(anonymous_2)
FN:31,(anonymous_3)
FN:45,(anonymous_4)
FN:60,(anonymous_5)
FNF:6
FNH:6
FNDA:2,(anonymous_0)
FNDA:2,(anonymous_1)
FNDA:3,(anonymous_2)
FNDA:3,(anonymous_3)
FNDA:5,(anonymous_4)
FNDA:3,(anonymous_5)
DA:1,1
DA:3,1
DA:4,2
DA:5,2
DA:6,1
DA:8,1
DA:12,1
DA:13,2
DA:14,2
DA:15,1
DA:17,1
DA:21,1
DA:22,3
DA:23,3
DA:24,3
DA:25,1
DA:27,2
DA:31,1
DA:32,3
DA:33,3
DA:34,3
DA:35,1
DA:37,2
DA:38,1
DA:41,1
DA:45,1
DA:46,5
DA:47,5
DA:49,5
DA:50,3
DA:53,2
DA:54,1
DA:56,1
DA:60,1
DA:61,3
DA:62,3
DA:64,3
DA:65,1
DA:68,2
DA:69,1
DA:71,1
DA:75,1
LF:42
LH:42
BRDA:27,0,0,2
BRDA:27,0,1,1
BRDA:37,1,0,1
BRDA:37,1,1,1
BRDA:49,2,0,3
BRDA:49,2,1,2
BRDA:49,3,0,5
BRDA:49,3,1,3
BRDA:64,4,0,1
BRDA:64,4,1,2
BRF:10
BRH:10
end_of_record
TN:
SF:controllers\invoiceController.js
FN:3,(anonymous_0)
FN:12,(anonymous_1)
FN:25,(anonymous_2)
FN:37,(anonymous_3)
FN:51,(anonymous_4)
FN:64,(anonymous_5)
FN:78,(anonymous_6)
FN:92,(anonymous_7)
FN:104,(anonymous_8)
FNF:9
FNH:9
FNDA:2,(anonymous_0)
FNDA:3,(anonymous_1)
FNDA:3,(anonymous_2)
FNDA:3,(anonymous_3)
FNDA:4,(anonymous_4)
FNDA:4,(anonymous_5)
FNDA:4,(anonymous_6)
FNDA:3,(anonymous_7)
FNDA:5,(anonymous_8)
DA:1,1
DA:3,1
DA:4,2
DA:5,2
DA:6,1
DA:8,1
DA:12,1
DA:13,3
DA:14,3
DA:15,3
DA:16,1
DA:18,2
DA:19,1
DA:21,1
DA:25,1
DA:26,3
DA:27,3
DA:28,2
DA:29,1
DA:31,1
DA:33,1
DA:37,1
DA:38,3
DA:39,3
DA:40,3
DA:41,2
DA:42,1
DA:44,1
DA:47,1
DA:51,1
DA:52,4
DA:53,4
DA:54,4
DA:55,2
DA:57,2
DA:58,1
DA:60,1
DA:64,1
DA:65,4
DA:66,4
DA:67,4
DA:68,4
DA:69,2
DA:71,2
DA:72,1
DA:74,1
DA:78,1
DA:79,4
DA:80,4
DA:81,4
DA:82,4
DA:83,2
DA:85,2
DA:86,1
DA:88,1
DA:92,1
DA:93,3
DA:94,3
DA:96,2
DA:97,1
DA:99,1
DA:104,1
DA:105,5
DA:107,5
DA:109,4
DA:110,2
DA:113,2
DA:116,2
DA:117,16
DA:119,16
DA:131,16
DA:132,16
DA:133,36
DA:134,36
DA:136,36
DA:143,36
DA:147,16
DA:148,8
DA:151,16
DA:154,16
DA:155,16
DA:156,8
DA:158,8
DA:162,2
DA:167,1
DA:168,1
DA:172,1
LF:87
LH:87
BRDA:18,0,0,1
BRDA:18,0,1,1
BRDA:28,1,0,1
BRDA:28,1,1,1
BRDA:41,2,0,1
BRDA:41,2,1,1
BRDA:53,3,0,4
BRDA:53,3,1,2
BRDA:57,4,0,1
BRDA:57,4,1,1
BRDA:66,5,0,4
BRDA:66,5,1,2
BRDA:67,6,0,4
BRDA:67,6,1,2
BRDA:71,7,0,1
BRDA:71,7,1,1
BRDA:80,8,0,4
BRDA:80,8,1,2
BRDA:81,9,0,4
BRDA:81,9,1,2
BRDA:85,10,0,1
BRDA:85,10,1,1
BRDA:96,11,0,1
BRDA:96,11,1,1
BRDA:109,12,0,2
BRDA:109,12,1,2
BRDA:109,13,0,4
BRDA:109,13,1,3
BRDA:147,14,0,8
BRDA:147,14,1,8
BRF:30
BRH:30
end_of_record
TN:
SF:controllers\promotionController.js
FN:3,(anonymous_0)
FN:12,(anonymous_1)
FN:26,(anonymous_2)
FN:39,(anonymous_3)
FN:52,(anonymous_4)
FNF:5
FNH:5
FNDA:2,(anonymous_0)
FNDA:3,(anonymous_1)
FNDA:3,(anonymous_2)
FNDA:3,(anonymous_3)
FNDA:3,(anonymous_4)
DA:1,1
DA:3,1
DA:4,2
DA:5,2
DA:6,1
DA:8,1
DA:12,1
DA:13,3
DA:14,3
DA:15,1
DA:19,2
DA:20,1
DA:22,1
DA:26,1
DA:27,3
DA:28,3
DA:29,3
DA:30,1
DA:32,2
DA:33,1
DA:35,1
DA:39,1
DA:40,3
DA:41,3
DA:42,3
DA:43,1
DA:45,2
DA:46,1
DA:48,1
DA:52,1
DA:53,3
DA:54,3
DA:55,3
DA:56,1
DA:58,2
DA:59,1
DA:64,1
DA:71,1
LF:38
LH:38
BRDA:19,0,0,1
BRDA:19,0,1,1
BRDA:32,1,0,1
BRDA:32,1,1,1
BRDA:45,2,0,1
BRDA:45,2,1,1
BRDA:58,3,0,1
BRDA:58,3,1,1
BRF:8
BRH:8
end_of_record
TN:
SF:controllers\publisherController.js
FN:3,(anonymous_0)
FNF:1
FNH:1
FNDA:4,(anonymous_0)
DA:1,1
DA:3,1
DA:4,4
DA:5,4
DA:6,2
DA:8,2
DA:11,1
LF:7
LH:7
BRF:0
BRH:0
end_of_record
TN:
SF:controllers\ruleController.js
FN:2,(anonymous_0)
FN:13,(anonymous_1)
FNF:2
FNH:2
FNDA:4,(anonymous_0)
FNDA:5,(anonymous_1)
DA:1,1
DA:2,1
DA:3,4
DA:4,4
DA:5,1
DA:7,3
DA:8,3
DA:9,3
DA:13,1
DA:14,5
DA:15,5
DA:16,2
DA:18,3
DA:19,3
DA:20,3
DA:24,1
LF:16
LH:16
BRDA:7,0,0,3
BRDA:7,0,1,2
BRDA:8,1,0,3
BRDA:8,1,1,1
BRDA:18,2,0,3
BRDA:18,2,1,2
BRDA:19,3,0,3
BRDA:19,3,1,1
BRF:8
BRH:8
end_of_record
TN:
SF:controllers\supplierController.js
FN:3,(anonymous_0)
FN:12,(anonymous_1)
FN:23,(anonymous_2)
FN:35,(anonymous_3)
FNF:4
FNH:4
FNDA:2,(anonymous_0)
FNDA:3,(anonymous_1)
FNDA:3,(anonymous_2)
FNDA:3,(anonymous_3)
DA:1,1
DA:3,1
DA:4,2
DA:5,2
DA:6,1
DA:8,1
DA:12,1
DA:13,3
DA:14,3
DA:15,1
DA:17,2
DA:18,2
DA:19,2
DA:23,1
DA:24,3
DA:25,3
DA:26,3
DA:27,1
DA:29,2
DA:30,2
DA:31,2
DA:35,1
DA:36,3
DA:37,3
DA:38,3
DA:39,1
DA:41,2
DA:42,2
DA:43,2
DA:47,1
LF:30
LH:30
BRDA:17,0,0,2
BRDA:17,0,1,1
BRDA:18,1,0,2
BRDA:18,1,1,0
BRDA:29,2,0,2
BRDA:29,2,1,1
BRDA:30,3,0,2
BRDA:30,3,1,0
BRDA:41,4,0,2
BRDA:41,4,1,1
BRDA:42,5,0,2
BRDA:42,5,1,0
BRF:12
BRH:9
end_of_record
TN:
SF:controllers\userController.js
FN:3,(anonymous_0)
FN:12,(anonymous_1)
FN:24,(anonymous_2)
FN:35,(anonymous_3)
FN:47,(anonymous_4)
FN:59,(anonymous_5)
FN:72,(anonymous_6)
FNF:7
FNH:7
FNDA:2,(anonymous_0)
FNDA:3,(anonymous_1)
FNDA:3,(anonymous_2)
FNDA:3,(anonymous_3)
FNDA:2,(anonymous_4)
FNDA:2,(anonymous_5)
FNDA:3,(anonymous_6)
DA:1,1
DA:3,1
DA:4,2
DA:5,2
DA:6,1
DA:8,1
DA:12,1
DA:13,3
DA:14,3
DA:15,3
DA:16,1
DA:18,2
DA:19,2
DA:20,2
DA:24,1
DA:25,3
DA:26,3
DA:27,1
DA:29,2
DA:30,2
DA:31,2
DA:35,1
DA:36,3
DA:37,3
DA:38,3
DA:39,1
DA:41,2
DA:42,2
DA:43,2
DA:47,1
DA:48,2
DA:49,2
DA:50,2
DA:51,1
DA:53,1
DA:54,1
DA:55,1
DA:59,1
DA:60,2
DA:61,2
DA:62,2
DA:63,2
DA:64,1
DA:66,1
DA:67,1
DA:68,1
DA:72,1
DA:73,3
DA:74,3
DA:75,3
DA:77,3
DA:78,1
DA:80,2
DA:81,2
DA:82,2
LF:55
LH:55
BRDA:18,0,0,2
BRDA:18,0,1,1
BRDA:19,1,0,2
BRDA:19,1,1,0
BRDA:29,2,0,2
BRDA:29,2,1,1
BRDA:30,3,0,2
BRDA:30,3,1,0
BRDA:41,4,0,2
BRDA:41,4,1,1
BRDA:42,5,0,2
BRDA:42,5,1,0
BRDA:53,6,0,1
BRDA:53,6,1,0
BRDA:54,7,0,1
BRDA:54,7,1,0
BRDA:66,8,0,1
BRDA:66,8,1,0
BRDA:67,9,0,1
BRDA:67,9,1,0
BRDA:80,10,0,2
BRDA:80,10,1,1
BRDA:81,11,0,2
BRDA:81,11,1,0
BRF:24
BRH:16
end_of_record
TN:
SF:models\bookModel.js
FN:3,(anonymous_0)
FN:15,(anonymous_1)
FN:28,(anonymous_2)
FN:37,(anonymous_3)
FN:49,(anonymous_4)
FN:57,(anonymous_5)
FNF:6
FNH:6
FNDA:2,(anonymous_0)
FNDA:4,(anonymous_1)
FNDA:1,(anonymous_2)
FNDA:2,(anonymous_3)
FNDA:2,(anonymous_4)
FNDA:2,(anonymous_5)
DA:1,4
DA:3,4
DA:4,2
DA:12,1
DA:15,4
DA:16,4
DA:25,4
DA:28,4
DA:29,1
DA:30,1
DA:34,1
DA:37,4
DA:38,2
DA:39,2
DA:43,2
DA:44,1
DA:46,1
DA:49,4
DA:50,2
DA:51,2
DA:52,1
DA:54,1
DA:57,4
DA:58,2
DA:70,2
DA:73,4
LF:26
LH:26
BRDA:43,0,0,1
BRDA:43,0,1,1
BRDA:51,1,0,1
BRDA:51,1,1,1
BRDA:57,2,0,1
BRF:5
BRH:5
end_of_record
TN:
SF:models\categoryModel.js
FN:3,(anonymous_0)
FNF:1
FNH:1
FNDA:4,(anonymous_0)
DA:1,3
DA:3,3
DA:4,4
DA:5,2
DA:8,3
LF:5
LH:5
BRF:0
BRH:0
end_of_record
TN:
SF:models\importModel.js
FN:3,(anonymous_0)
FN:26,(anonymous_1)
FN:56,(anonymous_2)
FN:78,(anonymous_3)
FN:111,(anonymous_4)
FN:134,(anonymous_5)
FN:155,(anonymous_6)
FN:177,(anonymous_7)
FNF:8
FNH:8
FNDA:2,(anonymous_0)
FNDA:3,(anonymous_1)
FNDA:2,(anonymous_2)
FNDA:1,(anonymous_3)
FNDA:1,(anonymous_4)
FNDA:61,(anonymous_5)
FNDA:2,(anonymous_6)
FNDA:2,(anonymous_7)
DA:1,3
DA:3,3
DA:4,2
DA:13,1
DA:14,1
DA:20,1
DA:23,1
DA:26,3
DA:27,3
DA:28,3
DA:29,3
DA:31,2
DA:32,2
DA:36,1
DA:37,1
DA:38,2
DA:43,2
DA:49,1
DA:51,1
DA:52,1
DA:56,3
DA:57,2
DA:58,2
DA:59,2
DA:60,2
DA:66,2
DA:67,2
DA:69,2
DA:70,1
DA:72,1
DA:74,1
DA:78,3
DA:79,1
DA:94,1
DA:95,1
DA:105,1
DA:108,1
DA:111,3
DA:112,1
DA:129,1
DA:131,1
DA:132,1
DA:134,61
DA:135,31
DA:136,2
DA:143,29
DA:152,1
DA:155,3
DA:156,2
DA:173,2
DA:174,1
DA:177,2
DA:184,1
DA:187,3
LF:54
LH:54
BRDA:29,0,0,1
BRDA:29,0,1,2
BRDA:69,1,0,1
BRDA:69,1,1,1
BRDA:135,2,0,2
BRDA:135,2,1,29
BRDA:138,3,0,2
BRDA:138,3,1,0
BRDA:139,4,0,2
BRDA:139,4,1,0
BRDA:140,5,0,2
BRDA:140,5,1,0
BRDA:173,6,0,1
BRDA:173,6,1,1
BRF:14
BRH:11
end_of_record
TN:
SF:models\invoiceModel.js
FN:3,(anonymous_0)
FN:14,(anonymous_1)
FN:73,(anonymous_2)
FN:93,(anonymous_3)
FN:100,(anonymous_4)
FN:116,(anonymous_5)
FN:131,(anonymous_6)
FNF:7
FNH:7
FNDA:2,(anonymous_0)
FNDA:4,(anonymous_1)
FNDA:2,(anonymous_2)
FNDA:2,(anonymous_3)
FNDA:2,(anonymous_4)
FNDA:1,(anonymous_5)
FNDA:1,(anonymous_6)
DA:1,3
DA:3,3
DA:4,2
DA:11,1
DA:14,3
DA:15,4
DA:16,3
DA:17,4
DA:21,4
DA:22,4
DA:23,2
DA:31,2
DA:45,2
DA:47,2
DA:48,1
DA:49,2
DA:55,2
DA:62,2
DA:63,1
DA:69,2
DA:73,3
DA:74,2
DA:81,2
DA:82,1
DA:83,1
DA:89,1
DA:90,1
DA:93,3
DA:94,2
DA:95,2
DA:96,2
DA:100,3
DA:101,2
DA:109,2
DA:116,3
DA:117,1
DA:128,1
DA:131,3
DA:132,1
DA:142,1
DA:144,3
LF:41
LH:41
BRDA:15,0,0,3
BRDA:15,0,1,1
BRDA:21,1,0,4
BRDA:21,1,1,1
BRDA:22,2,0,2
BRDA:22,2,1,2
BRDA:40,3,0,2
BRDA:40,3,1,1
BRDA:42,4,0,2
BRDA:42,4,1,2
BRDA:47,5,0,1
BRDA:47,5,1,1
BRDA:62,6,0,1
BRDA:62,6,1,1
BRDA:81,7,0,1
BRDA:81,7,1,1
BRDA:110,8,0,2
BRDA:110,8,1,1
BRDA:111,9,0,2
BRDA:111,9,1,1
BRF:20
BRH:20
end_of_record
TN:
SF:models\promotionModel.js
FN:4,(anonymous_0)
FN:20,(anonymous_1)
FN:26,(anonymous_2)
FN:45,(anonymous_3)
FN:66,(anonymous_4)
FNF:5
FNH:5
FNDA:3,(anonymous_0)
FNDA:2,(anonymous_1)
FNDA:3,(anonymous_2)
FNDA:2,(anonymous_3)
FNDA:2,(anonymous_4)
DA:1,3
DA:4,3
DA:5,3
DA:9,3
DA:10,3
DA:11,1
DA:12,1
DA:13,1
DA:16,3
DA:20,3
DA:21,2
DA:22,1
DA:26,3
DA:27,3
DA:30,3
DA:32,3
DA:38,3
DA:45,3
DA:46,2
DA:49,2
DA:54,2
DA:56,2
DA:62,2
DA:66,3
DA:68,2
DA:73,2
DA:74,1
DA:77,1
DA:80,1
DA:86,1
DA:91,1
DA:94,3
LF:32
LH:32
BRDA:10,0,0,1
BRDA:10,0,1,2
BRDA:27,1,0,2
BRDA:27,1,1,1
BRDA:27,2,0,3
BRDA:27,2,1,2
BRDA:46,3,0,0
BRDA:46,3,1,2
BRDA:46,4,0,2
BRDA:46,4,1,2
BRDA:54,5,0,1
BRDA:54,5,1,1
BRDA:73,6,0,1
BRDA:73,6,1,1
BRF:14
BRH:13
end_of_record
TN:
SF:models\publisherModel.js
FN:3,(anonymous_0)
FN:10,(anonymous_1)
FNF:2
FNH:2
FNDA:3,(anonymous_0)
FNDA:5,(anonymous_1)
DA:1,3
DA:3,3
DA:4,3
DA:7,2
DA:10,3
DA:11,5
DA:12,5
DA:19,4
DA:22,3
LF:9
LH:9
BRF:0
BRH:0
end_of_record
TN:
SF:models\ruleModel.js
FN:3,(anonymous_0)
FN:8,(anonymous_1)
FNF:2
FNH:2
FNDA:3,(anonymous_0)
FNDA:4,(anonymous_1)
DA:1,3
DA:3,3
DA:4,3
DA:5,2
DA:8,3
DA:9,4
DA:10,4
DA:18,3
DA:21,3
LF:9
LH:9
BRF:0
BRH:0
end_of_record
TN:
SF:models\supplierModel.js
FN:3,(anonymous_0)
FN:8,(anonymous_1)
FN:13,(anonymous_2)
FN:22,(anonymous_3)
FN:34,(anonymous_4)
FNF:5
FNH:5
FNDA:2,(anonymous_0)
FNDA:4,(anonymous_1)
FNDA:2,(anonymous_2)
FNDA:2,(anonymous_3)
FNDA:2,(anonymous_4)
DA:1,3
DA:3,3
DA:4,2
DA:5,1
DA:8,3
DA:9,4
DA:10,4
DA:13,3
DA:14,2
DA:15,2
DA:19,1
DA:22,3
DA:23,2
DA:24,2
DA:28,2
DA:29,1
DA:31,1
DA:34,3
DA:35,2
DA:36,2
DA:37,1
DA:39,1
DA:42,3
LF:23
LH:23
BRDA:28,0,0,1
BRDA:28,0,1,1
BRDA:36,1,0,1
BRDA:36,1,1,1
BRF:4
BRH:4
end_of_record
TN:
SF:models\userModel.js
FN:3,(anonymous_0)
FN:10,(anonymous_1)
FN:21,(anonymous_2)
FNF:3
FNH:3
FNDA:2,(anonymous_0)
FNDA:2,(anonymous_1)
FNDA:3,(anonymous_2)
DA:1,5
DA:3,5
DA:4,2
DA:7,1
DA:10,5
DA:11,2
DA:12,2
DA:18,1
DA:21,5
DA:22,3
DA:23,3
DA:28,2
DA:29,1
DA:32,1
DA:34,1
DA:38,5
LF:16
LH:16
BRDA:28,0,0,1
BRDA:28,0,1,1
BRF:2
BRH:2
end_of_record
TN:
SF:services\authService.js
FN:12,(anonymous_0)
FN:60,(anonymous_1)
FN:73,(anonymous_2)
FNF:3
FNH:3
FNDA:11,(anonymous_0)
FNDA:3,(anonymous_1)
FNDA:6,(anonymous_2)
DA:1,3
DA:2,3
DA:3,3
DA:4,3
DA:12,11
DA:13,3
DA:16,8
DA:18,7
DA:19,1
DA:21,6
DA:24,6
DA:25,1
DA:29,5
DA:30,2
DA:33,3
DA:34,3
DA:36,1
DA:40,4
DA:41,2
DA:44,2
DA:60,3
DA:61,3
DA:73,3
DA:74,6
DA:75,3
DA:78,3
DA:79,3
DA:81,2
DA:85,3
LF:29
LH:29
BRDA:12,0,0,3
BRDA:12,0,1,8
BRDA:12,1,0,11
BRDA:12,1,1,9
BRDA:18,2,0,1
BRDA:18,2,1,6
BRDA:24,3,0,1
BRDA:24,3,1,5
BRDA:29,4,0,2
BRDA:29,4,1,3
BRDA:40,5,0,2
BRDA:40,5,1,2
BRDA:74,6,0,3
BRDA:74,6,1,3
BRF:14
BRH:14
end_of_record
TN:
SF:services\bookService.js
FN:3,(anonymous_0)
FN:7,(anonymous_1)
FN:11,(anonymous_2)
FN:15,(anonymous_3)
FN:19,(anonymous_4)
FN:23,(anonymous_5)
FNF:6
FNH:6
FNDA:2,(anonymous_0)
FNDA:2,(anonymous_1)
FNDA:2,(anonymous_2)
FNDA:2,(anonymous_3)
FNDA:2,(anonymous_4)
FNDA:2,(anonymous_5)
DA:1,3
DA:3,3
DA:4,2
DA:7,3
DA:8,2
DA:11,3
DA:12,2
DA:15,3
DA:16,2
DA:19,3
DA:20,2
DA:23,3
DA:24,2
DA:27,3
LF:14
LH:14
BRDA:23,0,0,1
BRF:1
BRH:1
end_of_record
TN:
SF:services\categoryService.js
FN:3,(anonymous_0)
FNF:1
FNH:1
FNDA:3,(anonymous_0)
DA:1,2
DA:3,2
DA:4,3
DA:7,2
LF:4
LH:4
BRF:0
BRH:0
end_of_record
TN:
SF:services\importService.js
FN:3,(anonymous_0)
FN:8,(anonymous_1)
FN:12,(anonymous_2)
FN:16,(anonymous_3)
FN:24,(anonymous_4)
FN:28,(anonymous_5)
FNF:6
FNH:6
FNDA:2,(anonymous_0)
FNDA:2,(anonymous_1)
FNDA:2,(anonymous_2)
FNDA:5,(anonymous_3)
FNDA:2,(anonymous_4)
FNDA:2,(anonymous_5)
DA:1,2
DA:3,2
DA:5,2
DA:8,2
DA:9,2
DA:12,2
DA:13,2
DA:16,2
DA:17,5
DA:18,3
DA:21,2
DA:24,2
DA:25,2
DA:28,2
DA:29,2
DA:32,2
LF:16
LH:16
BRDA:17,0,0,3
BRDA:17,0,1,2
BRF:2
BRH:2
end_of_record
TN:
SF:services\invoiceService.js
FN:6,(anonymous_0)
FN:11,(anonymous_1)
FN:16,(anonymous_2)
FN:21,(anonymous_3)
FN:26,(anonymous_4)
FN:45,(anonymous_5)
FN:57,(anonymous_6)
FN:68,(anonymous_7)
FN:76,(anonymous_8)
FN:129,(anonymous_9)
FN:138,(anonymous_10)
FN:153,(anonymous_11)
FN:155,(anonymous_12)
FNF:13
FNH:13
FNDA:1,(anonymous_0)
FNDA:1,(anonymous_1)
FNDA:1,(anonymous_2)
FNDA:1,(anonymous_3)
FNDA:5,(anonymous_4)
FNDA:7,(anonymous_5)
FNDA:61,(anonymous_6)
FNDA:3,(anonymous_7)
FNDA:11,(anonymous_8)
FNDA:35,(anonymous_9)
FNDA:35,(anonymous_10)
FNDA:6,(anonymous_11)
FNDA:30,(anonymous_12)
DA:1,2
DA:2,2
DA:3,2
DA:6,2
DA:7,1
DA:11,2
DA:12,1
DA:16,2
DA:17,1
DA:21,2
DA:22,1
DA:26,2
DA:27,5
DA:28,3
DA:32,2
DA:33,2
DA:34,24
DA:35,24
DA:41,2
DA:45,2
DA:46,7
DA:47,4
DA:50,3
DA:52,3
DA:55,3
DA:56,3
DA:57,88
DA:58,88
DA:65,3
DA:68,2
DA:69,3
DA:70,2
DA:72,1
DA:76,2
DA:77,11
DA:78,10
DA:79,1
DA:81,9
DA:83,9
DA:84,9
DA:88,7
DA:90,2
DA:93,7
DA:94,7
DA:95,7
DA:97,7
DA:98,7
DA:100,7
DA:101,7
DA:102,7
DA:104,7
DA:105,7
DA:107,7
DA:108,7
DA:110,7
DA:112,7
DA:113,7
DA:115,7
DA:116,7
DA:117,7
DA:118,7
DA:125,7
DA:128,7
DA:129,35
DA:130,7
DA:131,7
DA:132,7
DA:133,7
DA:134,7
DA:137,7
DA:138,35
DA:142,7
DA:143,28
DA:149,7
DA:150,7
DA:153,7
DA:155,30
DA:158,6
DA:159,6
DA:160,6
DA:161,6
DA:162,6
DA:165,6
DA:166,24
DA:171,6
DA:174,7
DA:175,7
DA:176,7
DA:177,7
DA:178,7
DA:179,7
DA:181,7
DA:182,7
DA:184,7
DA:185,7
DA:186,7
DA:188,7
DA:189,7
DA:190,7
DA:191,7
DA:193,7
DA:194,7
DA:197,2
LF:103
LH:103
BRDA:27,0,0,3
BRDA:27,0,1,2
BRDA:37,1,0,24
BRDA:37,1,1,12
BRDA:38,2,0,24
BRDA:38,2,1,12
BRDA:46,3,0,4
BRDA:46,3,1,3
BRDA:46,4,0,7
BRDA:46,4,1,5
BRDA:60,5,0,2
BRDA:60,5,1,86
BRDA:60,6,0,2
BRDA:60,6,1,0
BRDA:61,7,0,2
BRDA:61,7,1,86
BRDA:61,8,0,2
BRDA:61,8,1,0
BRDA:69,9,0,2
BRDA:69,9,1,1
BRDA:69,10,0,3
BRDA:69,10,1,2
BRDA:78,11,0,1
BRDA:78,11,1,9
BRDA:94,12,0,7
BRDA:94,12,1,1
BRDA:104,13,0,7
BRDA:104,13,1,1
BRDA:105,14,0,7
BRDA:105,14,1,5
BRDA:107,15,0,2
BRDA:107,15,1,5
BRDA:149,16,0,4
BRDA:149,16,1,3
BRDA:159,17,0,6
BRDA:159,17,1,2
BRDA:159,17,2,1
BRDA:160,18,0,6
BRDA:160,18,1,1
BRDA:161,19,0,6
BRDA:161,19,1,1
BRDA:162,20,0,6
BRDA:162,20,1,1
BRDA:162,21,0,6
BRDA:162,21,1,1
BRDA:182,22,0,7
BRDA:182,22,1,5
BRDA:186,23,0,7
BRDA:186,23,1,5
BRDA:191,24,0,7
BRDA:191,24,1,5
BRF:51
BRH:49
end_of_record
TN:
SF:services\promotionService.js
FN:4,(anonymous_0)
FN:8,(anonymous_1)
FN:26,(anonymous_2)
FN:53,(anonymous_3)
FN:63,(anonymous_4)
FNF:5
FNH:5
FNDA:1,(anonymous_0)
FNDA:3,(anonymous_1)
FNDA:4,(anonymous_2)
FNDA:2,(anonymous_3)
FNDA:10,(anonymous_4)
DA:1,2
DA:2,2
DA:4,2
DA:5,1
DA:8,2
DA:9,3
DA:11,3
DA:12,2
DA:15,1
DA:26,2
DA:27,4
DA:29,4
DA:30,1
DA:33,3
DA:45,3
DA:46,1
DA:49,2
DA:53,2
DA:54,2
DA:56,2
DA:57,1
DA:60,1
DA:63,2
DA:64,10
DA:65,2
DA:72,8
DA:77,8
DA:78,1
DA:85,7
DA:86,7
DA:87,7
DA:88,7
DA:90,7
DA:91,1
DA:98,6
DA:99,1
DA:107,5
DA:108,1
DA:115,4
DA:116,1
DA:122,3
DA:123,3
DA:124,2
DA:126,1
DA:129,3
DA:144,2
LF:46
LH:46
BRDA:11,0,0,2
BRDA:11,0,1,1
BRDA:11,1,0,3
BRDA:11,1,1,2
BRDA:11,1,2,2
BRDA:11,1,3,1
BRDA:11,1,4,1
BRDA:11,1,5,1
BRDA:29,2,0,1
BRDA:29,2,1,3
BRDA:29,3,0,4
BRDA:29,3,1,4
BRDA:29,3,2,3
BRDA:29,3,3,3
BRDA:29,3,4,3
BRDA:29,3,5,3
BRDA:42,4,0,3
BRDA:42,4,1,2
BRDA:45,5,0,1
BRDA:45,5,1,2
BRDA:56,6,0,1
BRDA:56,6,1,1
BRDA:64,7,0,2
BRDA:64,7,1,8
BRDA:64,8,0,10
BRDA:64,8,1,9
BRDA:77,9,0,1
BRDA:77,9,1,7
BRDA:90,10,0,1
BRDA:90,10,1,6
BRDA:98,11,0,1
BRDA:98,11,1,5
BRDA:107,12,0,1
BRDA:107,12,1,4
BRDA:107,13,0,5
BRDA:107,13,1,3
BRDA:115,14,0,1
BRDA:115,14,1,3
BRDA:123,15,0,2
BRDA:123,15,1,1
BRF:40
BRH:40
end_of_record
TN:
SF:services\publisherService.js
FN:3,(anonymous_0)
FN:7,(anonymous_1)
FNF:2
FNH:2
FNDA:3,(anonymous_0)
FNDA:4,(anonymous_1)
DA:1,2
DA:3,2
DA:4,3
DA:7,2
DA:8,4
DA:11,2
LF:6
LH:6
BRF:0
BRH:0
end_of_record
TN:
SF:services\ruleService.js
FN:3,(anonymous_0)
FN:11,(anonymous_1)
FNF:2
FNH:2
FNDA:3,(anonymous_0)
FNDA:8,(anonymous_1)
DA:1,2
DA:3,2
DA:4,3
DA:5,3
DA:6,2
DA:8,1
DA:11,2
DA:12,8
DA:13,8
DA:19,4
DA:22,4
DA:29,3
DA:30,1
DA:33,2
DA:36,2
LF:15
LH:15
BRDA:5,0,0,2
BRDA:5,0,1,1
BRDA:13,1,0,4
BRDA:13,1,1,4
BRDA:14,2,0,8
BRDA:14,2,1,7
BRDA:14,2,2,6
BRDA:14,2,3,5
BRDA:29,3,0,1
BRDA:29,3,1,2
BRF:10
BRH:10
end_of_record
TN:
SF:services\supplierService.js
FN:7,(anonymous_0)
FN:16,(anonymous_1)
FN:24,(anonymous_2)
FN:34,(anonymous_3)
FN:49,(anonymous_4)
FNF:5
FNH:5
FNDA:1,(anonymous_0)
FNDA:2,(anonymous_1)
FNDA:5,(anonymous_2)
FNDA:6,(anonymous_3)
FNDA:3,(anonymous_4)
DA:1,2
DA:7,2
DA:8,1
DA:16,2
DA:17,2
DA:18,2
DA:19,1
DA:21,1
DA:24,2
DA:25,5
DA:27,5
DA:28,3
DA:31,2
DA:34,2
DA:35,6
DA:36,6
DA:37,3
DA:39,3
DA:40,3
DA:42,2
DA:43,1
DA:45,1
DA:49,2
DA:50,3
DA:51,3
DA:53,2
DA:54,1
DA:56,1
DA:60,2
LF:29
LH:29
BRDA:18,0,0,1
BRDA:18,0,1,1
BRDA:27,1,0,3
BRDA:27,1,1,2
BRDA:27,2,0,5
BRDA:27,2,1,4
BRDA:27,2,2,3
BRDA:36,3,0,3
BRDA:36,3,1,3
BRDA:36,4,0,6
BRDA:36,4,1,5
BRDA:36,4,2,4
BRDA:42,5,0,1
BRDA:42,5,1,1
BRDA:53,6,0,1
BRDA:53,6,1,1
BRF:16
BRH:16
end_of_record
TN:
SF:services\userService.js
FN:5,(anonymous_0)
FN:10,(anonymous_1)
FN:30,(anonymous_2)
FN:81,(anonymous_3)
FN:145,(anonymous_4)
FN:163,(anonymous_5)
FN:185,(anonymous_6)
FNF:7
FNH:7
FNDA:1,(anonymous_0)
FNDA:5,(anonymous_1)
FNDA:13,(anonymous_2)
FNDA:7,(anonymous_3)
FNDA:3,(anonymous_4)
FNDA:3,(anonymous_5)
FNDA:6,(anonymous_6)
DA:1,2
DA:2,2
DA:3,2
DA:5,2
DA:6,1
DA:7,1
DA:10,2
DA:11,5
DA:12,5
DA:13,1
DA:16,4
DA:30,2
DA:31,13
DA:32,13
DA:33,7
DA:37,6
DA:40,6
DA:41,6
DA:45,5
DA:46,2
DA:47,1
DA:48,1
DA:49,1
DA:53,5
DA:54,5
DA:56,5
DA:66,4
DA:71,4
DA:74,1
DA:75,0
DA:77,1
DA:81,2
DA:82,7
DA:85,7
DA:86,1
DA:91,6
DA:92,4
DA:93,1
DA:94,0
DA:95,1
DA:98,6
DA:99,4
DA:101,1
DA:105,5
DA:108,5
DA:109,5
DA:110,5
DA:111,1
DA:113,1
DA:114,0
DA:117,4
DA:121,4
DA:122,1
DA:123,1
DA:124,1
DA:125,1
DA:127,3
DA:128,3
DA:129,4
DA:130,0
DA:134,3
DA:139,3
DA:140,1
DA:141,1
DA:145,2
DA:147,3
DA:148,3
DA:149,1
DA:153,2
DA:155,2
DA:156,1
DA:159,1
DA:163,2
DA:165,3
DA:168,3
DA:171,3
DA:173,3
DA:178,3
DA:179,1
DA:181,2
DA:185,2
DA:186,6
DA:187,2
DA:190,4
DA:195,4
DA:196,1
DA:199,3
DA:200,3
DA:201,3
DA:202,1
DA:205,2
DA:206,2
DA:208,2
DA:213,2
DA:214,1
DA:217,1
DA:220,2
LF:97
LH:93
BRDA:12,0,0,1
BRDA:12,0,1,4
BRDA:19,1,0,4
BRDA:19,1,1,1
BRDA:20,2,0,4
BRDA:20,2,1,1
BRDA:21,3,0,4
BRDA:21,3,1,1
BRDA:23,4,0,2
BRDA:23,4,1,2
BRDA:23,5,0,4
BRDA:23,5,1,3
BRDA:26,6,0,4
BRDA:26,6,1,1
BRDA:32,7,0,7
BRDA:32,7,1,6
BRDA:32,8,0,13
BRDA:32,8,1,12
BRDA:32,8,2,11
BRDA:32,8,3,10
BRDA:32,8,4,9
BRDA:32,8,5,8
BRDA:32,8,6,7
BRDA:45,9,0,2
BRDA:45,9,1,1
BRDA:45,9,2,1
BRDA:45,9,3,1
BRDA:74,10,0,0
BRDA:74,10,1,1
BRDA:85,11,0,1
BRDA:85,11,1,6
BRDA:85,12,0,7
BRDA:85,12,1,7
BRDA:85,12,2,6
BRDA:85,12,3,6
BRDA:85,12,4,6
BRDA:85,12,5,6
BRDA:85,12,6,6
BRDA:91,13,0,4
BRDA:91,13,1,1
BRDA:91,13,2,0
BRDA:91,13,3,1
BRDA:98,14,0,2
BRDA:98,14,1,4
BRDA:98,15,0,6
BRDA:98,15,1,6
BRDA:98,15,2,4
BRDA:99,16,0,3
BRDA:99,16,1,1
BRDA:99,17,0,4
BRDA:99,17,1,4
BRDA:99,17,2,1
BRDA:105,18,0,5
BRDA:105,18,1,0
BRDA:110,19,0,1
BRDA:110,19,1,4
BRDA:110,20,0,5
BRDA:110,20,1,5
BRDA:113,21,0,1
BRDA:113,21,1,0
BRDA:121,22,0,1
BRDA:121,22,1,3
BRDA:129,23,0,0
BRDA:129,23,1,3
BRDA:140,24,0,0
BRDA:140,24,1,1
BRDA:148,25,0,1
BRDA:148,25,1,2
BRDA:148,26,0,3
BRDA:148,26,1,3
BRDA:155,27,0,1
BRDA:155,27,1,1
BRDA:165,28,0,2
BRDA:165,28,1,1
BRDA:178,29,0,1
BRDA:178,29,1,2
BRDA:178,30,0,3
BRDA:178,30,1,3
BRDA:186,31,0,2
BRDA:186,31,1,4
BRDA:186,32,0,6
BRDA:186,32,1,5
BRDA:195,33,0,1
BRDA:195,33,1,3
BRDA:195,34,0,4
BRDA:195,34,1,4
BRDA:201,35,0,1
BRDA:201,35,1,2
BRDA:213,36,0,1
BRDA:213,36,1,1
BRF:90
BRH:84
end_of_record
